WadMaker.exe (v1.2.1.0) -full -subdirs G:\Godot\Projects\TooManyCratesPC\trenchbroom\textures G:\Godot\Projects\TooManyCratesPC\trenchbroom\wads\TMC.wad
Added texture 'default_texture' (from 'G:\Godot\Projects\TooManyCratesPC\trenchbroom\textures\DEFAULT_TEXTURE.png').
Added texture 'clip' (from 'G:\Godot\Projects\TooManyCratesPC\trenchbroom\textures\special\CLIP.png').
Added texture 'skip' (from 'G:\Godot\Projects\TooManyCratesPC\trenchbroom\textures\special\SKIP.png').
Added texture 'devdark01' (from 'G:\Godot\Projects\TooManyCratesPC\trenchbroom\textures\dev\Dark\DEVDARK01.png').
Added texture 'devdark02' (from 'G:\Godot\Projects\TooManyCratesPC\trenchbroom\textures\dev\Dark\DEVDARK02.png').
Added texture 'devdark03' (from 'G:\Godot\Projects\TooManyCratesPC\trenchbroom\textures\dev\Dark\DEVDARK03.png').
Added texture 'devdark04' (from 'G:\Godot\Projects\TooManyCratesPC\trenchbroom\textures\dev\Dark\DEVDARK04.png').
Added texture 'devdark05' (from 'G:\Godot\Projects\TooManyCratesPC\trenchbroom\textures\dev\Dark\DEVDARK05.png').
Added texture 'devdark06' (from 'G:\Godot\Projects\TooManyCratesPC\trenchbroom\textures\dev\Dark\DEVDARK06.png').
Added texture 'devdark07' (from 'G:\Godot\Projects\TooManyCratesPC\trenchbroom\textures\dev\Dark\DEVDARK07.png').
Added texture 'devdark08' (from 'G:\Godot\Projects\TooManyCratesPC\trenchbroom\textures\dev\Dark\DEVDARK08.png').
Added texture 'devdark09' (from 'G:\Godot\Projects\TooManyCratesPC\trenchbroom\textures\dev\Dark\DEVDARK09.png').
Added texture 'devdark10' (from 'G:\Godot\Projects\TooManyCratesPC\trenchbroom\textures\dev\Dark\DEVDARK10.png').
Added texture 'devdark11' (from 'G:\Godot\Projects\TooManyCratesPC\trenchbroom\textures\dev\Dark\DEVDARK11.png').
Added texture 'devdark12' (from 'G:\Godot\Projects\TooManyCratesPC\trenchbroom\textures\dev\Dark\DEVDARK12.png').
Added texture 'devdark13' (from 'G:\Godot\Projects\TooManyCratesPC\trenchbroom\textures\dev\Dark\DEVDARK13.png').
Added texture 'devgreen01' (from 'G:\Godot\Projects\TooManyCratesPC\trenchbroom\textures\dev\Green\DEVGREEN01.png').
Added texture 'devgreen02' (from 'G:\Godot\Projects\TooManyCratesPC\trenchbroom\textures\dev\Green\DEVGREEN02.png').
Added texture 'devgreen03' (from 'G:\Godot\Projects\TooManyCratesPC\trenchbroom\textures\dev\Green\DEVGREEN03.png').
Added texture 'devgreen04' (from 'G:\Godot\Projects\TooManyCratesPC\trenchbroom\textures\dev\Green\DEVGREEN04.png').
Added texture 'devgreen05' (from 'G:\Godot\Projects\TooManyCratesPC\trenchbroom\textures\dev\Green\DEVGREEN05.png').
Added texture 'devgreen06' (from 'G:\Godot\Projects\TooManyCratesPC\trenchbroom\textures\dev\Green\DEVGREEN06.png').
Added texture 'devgreen07' (from 'G:\Godot\Projects\TooManyCratesPC\trenchbroom\textures\dev\Green\DEVGREEN07.png').
Added texture 'devgreen08' (from 'G:\Godot\Projects\TooManyCratesPC\trenchbroom\textures\dev\Green\DEVGREEN08.png').
Added texture 'devgreen09' (from 'G:\Godot\Projects\TooManyCratesPC\trenchbroom\textures\dev\Green\DEVGREEN09.png').
Added texture 'devgreen10' (from 'G:\Godot\Projects\TooManyCratesPC\trenchbroom\textures\dev\Green\DEVGREEN10.png').
Added texture 'devgreen11' (from 'G:\Godot\Projects\TooManyCratesPC\trenchbroom\textures\dev\Green\DEVGREEN11.png').
Added texture 'devgreen12' (from 'G:\Godot\Projects\TooManyCratesPC\trenchbroom\textures\dev\Green\DEVGREEN12.png').
Added texture 'devgreen13' (from 'G:\Godot\Projects\TooManyCratesPC\trenchbroom\textures\dev\Green\DEVGREEN13.png').
Added texture 'devwhite01' (from 'G:\Godot\Projects\TooManyCratesPC\trenchbroom\textures\dev\Light\DEVWHITE01.png').
Added texture 'devwhite02' (from 'G:\Godot\Projects\TooManyCratesPC\trenchbroom\textures\dev\Light\DEVWHITE02.png').
Added texture 'devwhite03' (from 'G:\Godot\Projects\TooManyCratesPC\trenchbroom\textures\dev\Light\DEVWHITE03.png').
Added texture 'devwhite04' (from 'G:\Godot\Projects\TooManyCratesPC\trenchbroom\textures\dev\Light\DEVWHITE04.png').
Added texture 'devwhite05' (from 'G:\Godot\Projects\TooManyCratesPC\trenchbroom\textures\dev\Light\DEVWHITE05.png').
Added texture 'devwhite06' (from 'G:\Godot\Projects\TooManyCratesPC\trenchbroom\textures\dev\Light\DEVWHITE06.png').
Added texture 'devwhite07' (from 'G:\Godot\Projects\TooManyCratesPC\trenchbroom\textures\dev\Light\DEVWHITE07.png').
Added texture 'devwhite08' (from 'G:\Godot\Projects\TooManyCratesPC\trenchbroom\textures\dev\Light\DEVWHITE08.png').
Added texture 'devwhite09' (from 'G:\Godot\Projects\TooManyCratesPC\trenchbroom\textures\dev\Light\DEVWHITE09.png').
Added texture 'devwhite10' (from 'G:\Godot\Projects\TooManyCratesPC\trenchbroom\textures\dev\Light\DEVWHITE10.png').
Added texture 'devwhite11' (from 'G:\Godot\Projects\TooManyCratesPC\trenchbroom\textures\dev\Light\DEVWHITE11.png').
Added texture 'devwhite12' (from 'G:\Godot\Projects\TooManyCratesPC\trenchbroom\textures\dev\Light\DEVWHITE12.png').
Added texture 'devwhite13' (from 'G:\Godot\Projects\TooManyCratesPC\trenchbroom\textures\dev\Light\DEVWHITE13.png').
Added texture 'devorange01' (from 'G:\Godot\Projects\TooManyCratesPC\trenchbroom\textures\dev\Orange\DEVORANGE01.png').
Added texture 'devorange02' (from 'G:\Godot\Projects\TooManyCratesPC\trenchbroom\textures\dev\Orange\DEVORANGE02.png').
Added texture 'devorange03' (from 'G:\Godot\Projects\TooManyCratesPC\trenchbroom\textures\dev\Orange\DEVORANGE03.png').
Added texture 'devorange04' (from 'G:\Godot\Projects\TooManyCratesPC\trenchbroom\textures\dev\Orange\DEVORANGE04.png').
Added texture 'devorange05' (from 'G:\Godot\Projects\TooManyCratesPC\trenchbroom\textures\dev\Orange\DEVORANGE05.png').
Added texture 'devorange06' (from 'G:\Godot\Projects\TooManyCratesPC\trenchbroom\textures\dev\Orange\DEVORANGE06.png').
Added texture 'devorange07' (from 'G:\Godot\Projects\TooManyCratesPC\trenchbroom\textures\dev\Orange\DEVORANGE07.png').
Added texture 'devorange08' (from 'G:\Godot\Projects\TooManyCratesPC\trenchbroom\textures\dev\Orange\DEVORANGE08.png').
Added texture 'devorange09' (from 'G:\Godot\Projects\TooManyCratesPC\trenchbroom\textures\dev\Orange\DEVORANGE09.png').
Added texture 'devorange10' (from 'G:\Godot\Projects\TooManyCratesPC\trenchbroom\textures\dev\Orange\DEVORANGE10.png').
Added texture 'devorange11' (from 'G:\Godot\Projects\TooManyCratesPC\trenchbroom\textures\dev\Orange\DEVORANGE11.png').
Added texture 'devorange12' (from 'G:\Godot\Projects\TooManyCratesPC\trenchbroom\textures\dev\Orange\DEVORANGE12.png').
Added texture 'devorange13' (from 'G:\Godot\Projects\TooManyCratesPC\trenchbroom\textures\dev\Orange\DEVORANGE13.png').
Added texture 'devpurple01' (from 'G:\Godot\Projects\TooManyCratesPC\trenchbroom\textures\dev\Purple\DEVPURPLE01.png').
Added texture 'devpurple02' (from 'G:\Godot\Projects\TooManyCratesPC\trenchbroom\textures\dev\Purple\DEVPURPLE02.png').
Added texture 'devpurple03' (from 'G:\Godot\Projects\TooManyCratesPC\trenchbroom\textures\dev\Purple\DEVPURPLE03.png').
Added texture 'devpurple04' (from 'G:\Godot\Projects\TooManyCratesPC\trenchbroom\textures\dev\Purple\DEVPURPLE04.png').
Added texture 'devpurple05' (from 'G:\Godot\Projects\TooManyCratesPC\trenchbroom\textures\dev\Purple\DEVPURPLE05.png').
Added texture 'devpurple06' (from 'G:\Godot\Projects\TooManyCratesPC\trenchbroom\textures\dev\Purple\DEVPURPLE06.png').
Added texture 'devpurple07' (from 'G:\Godot\Projects\TooManyCratesPC\trenchbroom\textures\dev\Purple\DEVPURPLE07.png').
Added texture 'devpurple08' (from 'G:\Godot\Projects\TooManyCratesPC\trenchbroom\textures\dev\Purple\DEVPURPLE08.png').
Added texture 'devpurple09' (from 'G:\Godot\Projects\TooManyCratesPC\trenchbroom\textures\dev\Purple\DEVPURPLE09.png').
Added texture 'devpurple10' (from 'G:\Godot\Projects\TooManyCratesPC\trenchbroom\textures\dev\Purple\DEVPURPLE10.png').
Added texture 'devpurple11' (from 'G:\Godot\Projects\TooManyCratesPC\trenchbroom\textures\dev\Purple\DEVPURPLE11.png').
Added texture 'devpurple12' (from 'G:\Godot\Projects\TooManyCratesPC\trenchbroom\textures\dev\Purple\DEVPURPLE12.png').
Added texture 'devpurple13' (from 'G:\Godot\Projects\TooManyCratesPC\trenchbroom\textures\dev\Purple\DEVPURPLE13.png').
Added texture 'devred01' (from 'G:\Godot\Projects\TooManyCratesPC\trenchbroom\textures\dev\Red\DEVRED01.png').
Added texture 'devred02' (from 'G:\Godot\Projects\TooManyCratesPC\trenchbroom\textures\dev\Red\DEVRED02.png').
Added texture 'devred03' (from 'G:\Godot\Projects\TooManyCratesPC\trenchbroom\textures\dev\Red\DEVRED03.png').
Added texture 'devred04' (from 'G:\Godot\Projects\TooManyCratesPC\trenchbroom\textures\dev\Red\DEVRED04.png').
Added texture 'devred05' (from 'G:\Godot\Projects\TooManyCratesPC\trenchbroom\textures\dev\Red\DEVRED05.png').
Added texture 'devred06' (from 'G:\Godot\Projects\TooManyCratesPC\trenchbroom\textures\dev\Red\DEVRED06.png').
Added texture 'devred07' (from 'G:\Godot\Projects\TooManyCratesPC\trenchbroom\textures\dev\Red\DEVRED07.png').
Added texture 'devred08' (from 'G:\Godot\Projects\TooManyCratesPC\trenchbroom\textures\dev\Red\DEVRED08.png').
Added texture 'devred09' (from 'G:\Godot\Projects\TooManyCratesPC\trenchbroom\textures\dev\Red\DEVRED09.png').
Added texture 'devred10' (from 'G:\Godot\Projects\TooManyCratesPC\trenchbroom\textures\dev\Red\DEVRED10.png').
Added texture 'devred11' (from 'G:\Godot\Projects\TooManyCratesPC\trenchbroom\textures\dev\Red\DEVRED11.png').
Added texture 'devred12' (from 'G:\Godot\Projects\TooManyCratesPC\trenchbroom\textures\dev\Red\DEVRED12.png').
Added texture 'devred13' (from 'G:\Godot\Projects\TooManyCratesPC\trenchbroom\textures\dev\Red\DEVRED13.png').
Created G:\Godot\Projects\TooManyCratesPC\trenchbroom\wads\TMC.wad, with 81 textures from G:\Godot\Projects\TooManyCratesPC\trenchbroom\textures, in 11.375 seconds.
